# JRE version: Java(TM) SE Runtime Environment (8.0_25-b18) (build 1.8.0_25-b18)
# Java VM: Java HotSpot(TM) Client VM (25.25-b02 mixed mode, sharing windows-x86 )
Heap:
 def new generation   total 12224K, used 10344K [0x10200000, 0x10f40000, 0x15750000)
  eden space 10880K,  95% used [0x10200000, 0x10c1a118, 0x10ca0000)
  from space 1344K,   0% used [0x10ca0000, 0x10ca0000, 0x10df0000)
  to   space 1344K,   0% used [0x10df0000, 0x10df0000, 0x10f40000)
 tenured generation   total 27024K, used 16212K [0x15750000, 0x171b4000, 0x20200000)
   the space 27024K,  59% used [0x15750000, 0x16725380, 0x16725400, 0x171b4000)
 Metaspace       used 934K, capacity 2521K, committed 2624K, reserved 4480K
GC Heap History (10 events):
Event: 1.147 GC heap before
{Heap before GC invocations=5 (full 0):
 def new generation   total 4928K, used 4852K [0x10200000, 0x10750000, 0x15750000)
  eden space 4416K, 100% used [0x10200000, 0x10650000, 0x10650000)
  from space 512K,  85% used [0x106d0000, 0x1073d0a8, 0x10750000)
  to   space 512K,   0% used [0x10650000, 0x10650000, 0x106d0000)
 tenured generation   total 10944K, used 9238K [0x15750000, 0x16200000, 0x20200000)
   the space 10944K,  84% used [0x15750000, 0x16055b38, 0x16055c00, 0x16200000)
 Metaspace       used 597K, capacity 2442K, committed 2496K, reserved 4480K
Event: 1.155 GC heap after
Heap after GC invocations=6 (full 1):
 def new generation   total 8192K, used 0K [0x10200000, 0x10ae0000, 0x15750000)
  eden space 7296K,   0% used [0x10200000, 0x10200000, 0x10920000)
  from space 896K,   0% used [0x10920000, 0x10920000, 0x10a00000)
  to   space 896K,   0% used [0x10a00000, 0x10a00000, 0x10ae0000)
 tenured generation   total 18064K, used 10837K [0x15750000, 0x168f4000, 0x20200000)
   the space 18064K,  59% used [0x15750000, 0x161e5788, 0x161e5800, 0x168f4000)
 Metaspace       used 596K, capacity 2439K, committed 2496K, reserved 4480K
}
Event: 1.232 GC heap before
{Heap before GC invocations=6 (full 1):
 def new generation   total 8192K, used 7296K [0x10200000, 0x10ae0000, 0x15750000)
  eden space 7296K, 100% used [0x10200000, 0x10920000, 0x10920000)
  from space 896K,   0% used [0x10920000, 0x10920000, 0x10a00000)
  to   space 896K,   0% used [0x10a00000, 0x10a00000, 0x10ae0000)
 tenured generation   total 18064K, used 10837K [0x15750000, 0x168f4000, 0x20200000)
   the space 18064K,  59% used [0x15750000, 0x161e5788, 0x161e5800, 0x168f4000)
 Metaspace       used 604K, capacity 2439K, committed 2496K, reserved 4480K
Event: 1.236 GC heap after
Heap after GC invocations=7 (full 1):
 def new generation   total 8192K, used 896K [0x10200000, 0x10ae0000, 0x15750000)
  eden space 7296K,   0% used [0x10200000, 0x10200000, 0x10920000)
  from space 896K, 100% used [0x10a00000, 0x10ae0000, 0x10ae0000)
  to   space 896K,   0% used [0x10920000, 0x10920000, 0x10a00000)
 tenured generation   total 18064K, used 13951K [0x15750000, 0x168f4000, 0x20200000)
   the space 18064K,  77% used [0x15750000, 0x164efd90, 0x164efe00, 0x168f4000)
 Metaspace       used 604K, capacity 2439K, committed 2496K, reserved 4480K
}
Event: 2.055 GC heap before
{Heap before GC invocations=7 (full 1):
 def new generation   total 8192K, used 7815K [0x10200000, 0x10ae0000, 0x15750000)
  eden space 7296K,  94% used [0x10200000, 0x108c1c70, 0x10920000)
  from space 896K, 100% used [0x10a00000, 0x10ae0000, 0x10ae0000)
  to   space 896K,   0% used [0x10920000, 0x10920000, 0x10a00000)
 tenured generation   total 18064K, used 13951K [0x15750000, 0x168f4000, 0x20200000)
   the space 18064K,  77% used [0x15750000, 0x164efd90, 0x164efe00, 0x168f4000)
 Metaspace       used 663K, capacity 2444K, committed 2496K, reserved 4480K
Event: 2.060 GC heap after
Heap after GC invocations=8 (full 1):
 def new generation   total 8192K, used 811K [0x10200000, 0x10ae0000, 0x15750000)
  eden space 7296K,   0% used [0x10200000, 0x10200000, 0x10920000)
  from space 896K,  90% used [0x10920000, 0x109eafc0, 0x10a00000)
  to   space 896K,   0% used [0x10a00000, 0x10a00000, 0x10ae0000)
 tenured generation   total 18064K, used 15615K [0x15750000, 0x168f4000, 0x20200000)
   the space 18064K,  86% used [0x15750000, 0x1668ff58, 0x16690000, 0x168f4000)
 Metaspace       used 663K, capacity 2444K, committed 2496K, reserved 4480K
}
Event: 5.913 GC heap before
{Heap before GC invocations=8 (full 1):
 def new generation   total 8192K, used 8107K [0x10200000, 0x10ae0000, 0x15750000)
  eden space 7296K, 100% used [0x10200000, 0x10920000, 0x10920000)
  from space 896K,  90% used [0x10920000, 0x109eafc0, 0x10a00000)
  to   space 896K,   0% used [0x10a00000, 0x10a00000, 0x10ae0000)
 tenured generation   total 18064K, used 15615K [0x15750000, 0x168f4000, 0x20200000)
   the space 18064K,  86% used [0x15750000, 0x1668ff58, 0x16690000, 0x168f4000)
 Metaspace       used 677K, capacity 2447K, committed 2496K, reserved 4480K
Event: 5.920 GC heap after
Heap after GC invocations=9 (full 1):
 def new generation   total 8192K, used 759K [0x10200000, 0x10ae0000, 0x15750000)
  eden space 7296K,   0% used [0x10200000, 0x10200000, 0x10920000)
  from space 896K,  84% used [0x10a00000, 0x10abdc70, 0x10ae0000)
  to   space 896K,   0% used [0x10920000, 0x10920000, 0x10a00000)
 tenured generation   total 18064K, used 17625K [0x15750000, 0x168f4000, 0x20200000)
   the space 18064K,  97% used [0x15750000, 0x16886650, 0x16886800, 0x168f4000)
 Metaspace       used 677K, capacity 2447K, committed 2496K, reserved 4480K
}
Event: 15.520 GC heap before
{Heap before GC invocations=9 (full 1):
 def new generation   total 8192K, used 8055K [0x10200000, 0x10ae0000, 0x15750000)
  eden space 7296K, 100% used [0x10200000, 0x10920000, 0x10920000)
  from space 896K,  84% used [0x10a00000, 0x10abdc70, 0x10ae0000)
  to   space 896K,   0% used [0x10920000, 0x10920000, 0x10a00000)
 tenured generation   total 18064K, used 17625K [0x15750000, 0x168f4000, 0x20200000)
   the space 18064K,  97% used [0x15750000, 0x16886650, 0x16886800, 0x168f4000)
 Metaspace       used 677K, capacity 2447K, committed 2496K, reserved 4480K
Event: 15.543 GC heap after
Heap after GC invocations=10 (full 2):
 def new generation   total 12224K, used 0K [0x10200000, 0x10f40000, 0x15750000)
  eden space 10880K,   0% used [0x10200000, 0x10200000, 0x10ca0000)
  from space 1344K,   0% used [0x10ca0000, 0x10ca0000, 0x10df0000)
  to   space 1344K,   0% used [0x10df0000, 0x10df0000, 0x10f40000)
 tenured generation   total 27024K, used 16212K [0x15750000, 0x171b4000, 0x20200000)
   the space 27024K,  59% used [0x15750000, 0x16725380, 0x16725400, 0x171b4000)
 Metaspace       used 675K, capacity 2444K, committed 2496K, reserved 4480K
}

